<?xml version="1.0" encoding="UTF-8"?>
<!-- Generated by org.testng.reporters.JUnitReportReporter -->
<testsuite hostname="DESKTOP-7ECRDH4" failures="0" tests="1" name="com.testautomation.testscripts.Module01" time="27.536" errors="0" timestamp="16 Mar 2022 05:17:31 GMT" skipped="0">
  <testcase classname="com.testautomation.testscripts.Module01" name="Test1" time="27.536"/>
</testsuite> <!-- com.testautomation.testscripts.Module01 -->
